<?xml version="1.0" encoding="UTF-8"?>
<!-- Generated by org.testng.reporters.JUnitReportReporter -->
<testsuite skipped="0" hostname="keeru-HP" name="com.newegg.qa.testcases.LoginPageTest" tests="1" failures="0" timestamp="02 Mar 2018 01:05:53 GMT" time="35.861" errors="0">
  <testcase name="loginTest" time="35.861" classname="com.newegg.qa.testcases.LoginPageTest"/>
</testsuite> <!-- com.newegg.qa.testcases.LoginPageTest -->
